<?xml version="1.0" encoding="UTF-8"?>
<!-- Generated by org.testng.reporters.JUnitReportReporter -->
<testsuite hostname="LAPTOP-GLAJOS1C" failures="0" tests="1" name="api.tests.TestExcel" time="1.959" errors="0" timestamp="2024-10-10T19:16:32 IST" skipped="0">
  <testcase classname="api.tests.TestExcel" name="testExcelData" time="1.959"/>
</testsuite> <!-- api.tests.TestExcel -->
