<?xml version="1.0" encoding="UTF-8"?>
<!-- Generated by org.testng.reporters.JUnitReportReporter -->
<testsuite hostname="LAPTOP-GLAJOS1C" failures="0" tests="5" name="testRunner.TestRunner" time="24.678" errors="0" timestamp="2024-09-23T23:46:24 IST" skipped="0">
  <testcase classname="testRunner.TestRunner" name="runScenario" time="0.469"/>
  <testcase classname="testRunner.TestRunner" name="runScenario" time="0.500"/>
  <testcase classname="testRunner.TestRunner" name="runScenario" time="22.943"/>
  <testcase classname="testRunner.TestRunner" name="runScenario" time="0.340"/>
  <testcase classname="testRunner.TestRunner" name="runScenario" time="0.426"/>
</testsuite> <!-- testRunner.TestRunner -->
