<?xml version="1.0" encoding="UTF-8"?>
<!-- Generated by org.testng.reporters.JUnitReportReporter -->
<testsuite hostname="LAPTOP-GLAJOS1C" failures="0" tests="1" name="testRunner.TestRunner" time="6.585" errors="0" timestamp="2024-09-23T09:06:12 IST" skipped="0">
  <testcase classname="testRunner.TestRunner" name="runScenario" time="6.585"/>
</testsuite> <!-- testRunner.TestRunner -->
