<?xml version="1.0" encoding="UTF-8"?>
<!-- Generated by org.testng.reporters.JUnitReportReporter -->
<testsuite hostname="LAPTOP-GLAJOS1C" failures="0" tests="1" name="testRunner.TestRunner" time="4.540" errors="0" timestamp="2024-11-14T21:13:42 IST" skipped="0">
  <testcase classname="testRunner.TestRunner" name="runScenario" time="4.540"/>
</testsuite> <!-- testRunner.TestRunner -->
