<?xml version="1.0" encoding="UTF-8"?>
<!-- Generated by org.testng.reporters.JUnitReportReporter -->
<testsuite hostname="LAPTOP-GLAJOS1C" failures="0" tests="1" name="testRunner.TestRunner" time="14.962" errors="0" timestamp="2024-10-22T12:48:14 IST" skipped="0">
  <testcase classname="testRunner.TestRunner" name="runScenario" time="14.962"/>
</testsuite> <!-- testRunner.TestRunner -->
