<?xml version="1.0" encoding="UTF-8"?>
<!-- Generated by org.testng.reporters.JUnitReportReporter -->
<testsuite hostname="LAPTOP-GLAJOS1C" failures="0" tests="1" name="testRunner.TestRunner" time="23.347" errors="0" timestamp="2024-10-16T11:08:52 IST" skipped="0">
  <testcase classname="testRunner.TestRunner" name="runScenario" time="23.347"/>
</testsuite> <!-- testRunner.TestRunner -->
